<?xml version="1.0" encoding="UTF-8"?>
<!-- Generated by org.testng.reporters.JUnitXMLReporter -->
<testsuite ignored="1" hostname="DESKTOP-PVORNJD" failures="0" tests="5" name="Default test" time="256.534" errors="0" timestamp="2023-02-28T16:10:48 IST">
  <testcase classname="testcases.NewCustomerTest" name="validateNewCustomerRegistrationTest" time="38.827"/>
  <testcase classname="testcases.NewCustomerTest" name="validateNewCustomerRegistrationTest" time="21.22"/>
  <testcase classname="testcases.NewCustomerTest" name="validateNewCustomerRegistrationTest" time="10.067"/>
  <testcase classname="testcases.NewCustomerTest" name="validateNewCustomerRegistrationTest" time="9.921"/>
  <testcase classname="testcases.NewCustomerTest" name="validateNewCustomerRegistrationTest" time="23.446"/>
  <testcase classname="testcases.NewCustomerTest" name="validateNewCustomerPageTitle" time="0.0">
    <ignored/>
  </testcase> <!-- validateNewCustomerPageTitle -->
</testsuite> <!-- Default test -->
