<?xml version="1.0" encoding="UTF-8"?>
<testng-results ignored="1" total="6" passed="5" failed="0" skipped="0">
  <reporter-output>
  </reporter-output>
  <suite started-at="2023-02-28T16:06:31 IST" name="Default suite" finished-at="2023-02-28T16:10:48 IST" duration-ms="256534">
    <groups>
    </groups>
    <test started-at="2023-02-28T16:06:31 IST" name="Default test" finished-at="2023-02-28T16:10:48 IST" duration-ms="256534">
      <class name="testcases.NewCustomerTest">
        <test-method is-config="true" signature="setup()[pri:0, instance:testcases.NewCustomerTest@4d02f94e]" started-at="2023-02-28T16:06:36 IST" name="setup" finished-at="2023-02-28T16:07:59 IST" duration-ms="82583" status="PASS">
          <reporter-output>
          </reporter-output>
        </test-method> <!-- setup -->
        <test-method signature="validateNewCustomerRegistrationTest(java.lang.String,java.lang.String,java.lang.String,java.lang.String,java.lang.String,java.lang.String,java.lang.String,java.lang.String,java.lang.String,java.lang.String)[pri:0, instance:testcases.NewCustomerTest@4d02f94e]" started-at="2023-02-28T16:07:59 IST" name="validateNewCustomerRegistrationTest" data-provider="getTextData" finished-at="2023-02-28T16:08:37 IST" duration-ms="38827" status="PASS">
          <params>
            <param index="0">
              <value>
                <![CDATA[Mahesh]]>
              </value>
            </param>
            <param index="1">
              <value>
                <![CDATA[Male]]>
              </value>
            </param>
            <param index="2">
              <value>
                <![CDATA[1.1121998E7]]>
              </value>
            </param>
            <param index="3">
              <value>
                <![CDATA[Guntur]]>
              </value>
            </param>
            <param index="4">
              <value>
                <![CDATA[Guntur]]>
              </value>
            </param>
            <param index="5">
              <value>
                <![CDATA[AP]]>
              </value>
            </param>
            <param index="6">
              <value>
                <![CDATA[522003.0]]>
              </value>
            </param>
            <param index="7">
              <value>
                <![CDATA[1.893536282E9]]>
              </value>
            </param>
            <param index="8">
              <value>
                <![CDATA[mahesh@abc.com]]>
              </value>
            </param>
            <param index="9">
              <value>
                <![CDATA[test@123]]>
              </value>
            </param>
          </params>
          <reporter-output>
          </reporter-output>
        </test-method> <!-- validateNewCustomerRegistrationTest -->
        <test-method is-config="true" signature="tearDown()[pri:0, instance:testcases.NewCustomerTest@4d02f94e]" started-at="2023-02-28T16:08:37 IST" name="tearDown" finished-at="2023-02-28T16:08:39 IST" duration-ms="2048" status="PASS">
          <reporter-output>
          </reporter-output>
        </test-method> <!-- tearDown -->
        <test-method is-config="true" signature="setup()[pri:0, instance:testcases.NewCustomerTest@4d02f94e]" started-at="2023-02-28T16:08:39 IST" name="setup" finished-at="2023-02-28T16:09:00 IST" duration-ms="20760" status="PASS">
          <reporter-output>
          </reporter-output>
        </test-method> <!-- setup -->
        <test-method signature="validateNewCustomerRegistrationTest(java.lang.String,java.lang.String,java.lang.String,java.lang.String,java.lang.String,java.lang.String,java.lang.String,java.lang.String,java.lang.String,java.lang.String)[pri:0, instance:testcases.NewCustomerTest@4d02f94e]" started-at="2023-02-28T16:09:00 IST" name="validateNewCustomerRegistrationTest" data-provider="getTextData" finished-at="2023-02-28T16:09:21 IST" duration-ms="21220" status="PASS">
          <params>
            <param index="0">
              <value>
                <![CDATA[sruthi]]>
              </value>
            </param>
            <param index="1">
              <value>
                <![CDATA[Female]]>
              </value>
            </param>
            <param index="2">
              <value>
                <![CDATA[1.2121889E7]]>
              </value>
            </param>
            <param index="3">
              <value>
                <![CDATA[Guntur]]>
              </value>
            </param>
            <param index="4">
              <value>
                <![CDATA[Guntur]]>
              </value>
            </param>
            <param index="5">
              <value>
                <![CDATA[AP]]>
              </value>
            </param>
            <param index="6">
              <value>
                <![CDATA[522003.0]]>
              </value>
            </param>
            <param index="7">
              <value>
                <![CDATA[1.893536282E9]]>
              </value>
            </param>
            <param index="8">
              <value>
                <![CDATA[sruthi@abc.com]]>
              </value>
            </param>
            <param index="9">
              <value>
                <![CDATA[test@123]]>
              </value>
            </param>
          </params>
          <reporter-output>
          </reporter-output>
        </test-method> <!-- validateNewCustomerRegistrationTest -->
        <test-method is-config="true" signature="tearDown()[pri:0, instance:testcases.NewCustomerTest@4d02f94e]" started-at="2023-02-28T16:09:21 IST" name="tearDown" finished-at="2023-02-28T16:09:22 IST" duration-ms="615" status="PASS">
          <reporter-output>
          </reporter-output>
        </test-method> <!-- tearDown -->
        <test-method is-config="true" signature="setup()[pri:0, instance:testcases.NewCustomerTest@4d02f94e]" started-at="2023-02-28T16:09:22 IST" name="setup" finished-at="2023-02-28T16:09:37 IST" duration-ms="15302" status="PASS">
          <reporter-output>
          </reporter-output>
        </test-method> <!-- setup -->
        <test-method signature="validateNewCustomerRegistrationTest(java.lang.String,java.lang.String,java.lang.String,java.lang.String,java.lang.String,java.lang.String,java.lang.String,java.lang.String,java.lang.String,java.lang.String)[pri:0, instance:testcases.NewCustomerTest@4d02f94e]" started-at="2023-02-28T16:09:37 IST" name="validateNewCustomerRegistrationTest" data-provider="getTextData" finished-at="2023-02-28T16:09:47 IST" duration-ms="10067" status="PASS">
          <params>
            <param index="0">
              <value>
                <![CDATA[Ram]]>
              </value>
            </param>
            <param index="1">
              <value>
                <![CDATA[Male]]>
              </value>
            </param>
            <param index="2">
              <value>
                <![CDATA[2321995.0]]>
              </value>
            </param>
            <param index="3">
              <value>
                <![CDATA[Guntur]]>
              </value>
            </param>
            <param index="4">
              <value>
                <![CDATA[Guntur]]>
              </value>
            </param>
            <param index="5">
              <value>
                <![CDATA[AP]]>
              </value>
            </param>
            <param index="6">
              <value>
                <![CDATA[522003.0]]>
              </value>
            </param>
            <param index="7">
              <value>
                <![CDATA[1.893536282E9]]>
              </value>
            </param>
            <param index="8">
              <value>
                <![CDATA[ram@abc.com]]>
              </value>
            </param>
            <param index="9">
              <value>
                <![CDATA[test@123]]>
              </value>
            </param>
          </params>
          <reporter-output>
          </reporter-output>
        </test-method> <!-- validateNewCustomerRegistrationTest -->
        <test-method is-config="true" signature="tearDown()[pri:0, instance:testcases.NewCustomerTest@4d02f94e]" started-at="2023-02-28T16:09:47 IST" name="tearDown" finished-at="2023-02-28T16:09:48 IST" duration-ms="545" status="PASS">
          <reporter-output>
          </reporter-output>
        </test-method> <!-- tearDown -->
        <test-method is-config="true" signature="setup()[pri:0, instance:testcases.NewCustomerTest@4d02f94e]" started-at="2023-02-28T16:09:48 IST" name="setup" finished-at="2023-02-28T16:10:00 IST" duration-ms="11871" status="PASS">
          <reporter-output>
          </reporter-output>
        </test-method> <!-- setup -->
        <test-method signature="validateNewCustomerRegistrationTest(java.lang.String,java.lang.String,java.lang.String,java.lang.String,java.lang.String,java.lang.String,java.lang.String,java.lang.String,java.lang.String,java.lang.String)[pri:0, instance:testcases.NewCustomerTest@4d02f94e]" started-at="2023-02-28T16:10:00 IST" name="validateNewCustomerRegistrationTest" data-provider="getTextData" finished-at="2023-02-28T16:10:10 IST" duration-ms="9921" status="PASS">
          <params>
            <param index="0">
              <value>
                <![CDATA[kalyani]]>
              </value>
            </param>
            <param index="1">
              <value>
                <![CDATA[Female]]>
              </value>
            </param>
            <param index="2">
              <value>
                <![CDATA[1.5101994E7]]>
              </value>
            </param>
            <param index="3">
              <value>
                <![CDATA[Guntur]]>
              </value>
            </param>
            <param index="4">
              <value>
                <![CDATA[Guntur]]>
              </value>
            </param>
            <param index="5">
              <value>
                <![CDATA[AP]]>
              </value>
            </param>
            <param index="6">
              <value>
                <![CDATA[522003.0]]>
              </value>
            </param>
            <param index="7">
              <value>
                <![CDATA[1.893536282E9]]>
              </value>
            </param>
            <param index="8">
              <value>
                <![CDATA[kalyani@abc.com]]>
              </value>
            </param>
            <param index="9">
              <value>
                <![CDATA[test@123]]>
              </value>
            </param>
          </params>
          <reporter-output>
          </reporter-output>
        </test-method> <!-- validateNewCustomerRegistrationTest -->
        <test-method is-config="true" signature="tearDown()[pri:0, instance:testcases.NewCustomerTest@4d02f94e]" started-at="2023-02-28T16:10:10 IST" name="tearDown" finished-at="2023-02-28T16:10:10 IST" duration-ms="426" status="PASS">
          <reporter-output>
          </reporter-output>
        </test-method> <!-- tearDown -->
        <test-method is-config="true" signature="setup()[pri:0, instance:testcases.NewCustomerTest@4d02f94e]" started-at="2023-02-28T16:10:10 IST" name="setup" finished-at="2023-02-28T16:10:23 IST" duration-ms="13012" status="PASS">
          <reporter-output>
          </reporter-output>
        </test-method> <!-- setup -->
        <test-method signature="validateNewCustomerRegistrationTest(java.lang.String,java.lang.String,java.lang.String,java.lang.String,java.lang.String,java.lang.String,java.lang.String,java.lang.String,java.lang.String,java.lang.String)[pri:0, instance:testcases.NewCustomerTest@4d02f94e]" started-at="2023-02-28T16:10:23 IST" name="validateNewCustomerRegistrationTest" data-provider="getTextData" finished-at="2023-02-28T16:10:47 IST" duration-ms="23446" status="PASS">
          <params>
            <param index="0">
              <value>
                <![CDATA[pavan]]>
              </value>
            </param>
            <param index="1">
              <value>
                <![CDATA[Male]]>
              </value>
            </param>
            <param index="2">
              <value>
                <![CDATA[2.5121991E7]]>
              </value>
            </param>
            <param index="3">
              <value>
                <![CDATA[Guntur]]>
              </value>
            </param>
            <param index="4">
              <value>
                <![CDATA[Guntur]]>
              </value>
            </param>
            <param index="5">
              <value>
                <![CDATA[AP]]>
              </value>
            </param>
            <param index="6">
              <value>
                <![CDATA[522003.0]]>
              </value>
            </param>
            <param index="7">
              <value>
                <![CDATA[1.893536282E9]]>
              </value>
            </param>
            <param index="8">
              <value>
                <![CDATA[pavan@abc.com]]>
              </value>
            </param>
            <param index="9">
              <value>
                <![CDATA[test@123]]>
              </value>
            </param>
          </params>
          <reporter-output>
          </reporter-output>
        </test-method> <!-- validateNewCustomerRegistrationTest -->
        <test-method is-config="true" signature="tearDown()[pri:0, instance:testcases.NewCustomerTest@4d02f94e]" started-at="2023-02-28T16:10:47 IST" name="tearDown" finished-at="2023-02-28T16:10:48 IST" duration-ms="1243" status="PASS">
          <reporter-output>
          </reporter-output>
        </test-method> <!-- tearDown -->
      </class> <!-- testcases.NewCustomerTest -->
    </test> <!-- Default test -->
  </suite> <!-- Default suite -->
</testng-results>
